<?xml version="1.0" encoding="UTF-8"?>
<!-- Generated by org.testng.reporters.JUnitReportReporter -->
<testsuite skipped="0" hostname="96506995ff64" name="com.searchmodule.tests.SearchTest" tests="4" failures="0" timestamp="2022-01-08T08:33:04 GMT" time="40.610" errors="0">
  <testcase name="search" time="10.172" classname="com.searchmodule.tests.SearchTest"/>
  <system-out/>
  <testcase name="search" time="11.366" classname="com.searchmodule.tests.SearchTest"/>
  <system-out/>
  <testcase name="search" time="7.515" classname="com.searchmodule.tests.SearchTest"/>
  <system-out/>
  <testcase name="search" time="11.557" classname="com.searchmodule.tests.SearchTest"/>
  <system-out/>
</testsuite> <!-- com.searchmodule.tests.SearchTest -->
