<?xml version="1.0" encoding="UTF-8"?>
<!-- Generated by org.testng.reporters.JUnitReportReporter -->
<testsuite skipped="0" hostname="f5a6ae0c5a31" name="com.newtours.tests.BookFlightTest" tests="20" failures="0" timestamp="2022-01-08T08:33:48 GMT" time="81.894" errors="0">
  <testcase name="registrationConfirmationPage" time="0.605" classname="com.newtours.tests.BookFlightTest"/>
  <system-out/>
  <testcase name="flightConfirmationPage" time="1.818" classname="com.newtours.tests.BookFlightTest"/>
  <system-out/>
  <testcase name="flightDetailsPage" time="2.854" classname="com.newtours.tests.BookFlightTest"/>
  <system-out/>
  <testcase name="flightDetailsPage" time="2.431" classname="com.newtours.tests.BookFlightTest"/>
  <system-out/>
  <testcase name="findFlightPage" time="1.716" classname="com.newtours.tests.BookFlightTest"/>
  <system-out/>
  <testcase name="registrationPage" time="15.053" classname="com.newtours.tests.BookFlightTest"/>
  <system-out/>
  <testcase name="registrationPage" time="16.432" classname="com.newtours.tests.BookFlightTest"/>
  <system-out/>
  <testcase name="findFlightPage" time="2.248" classname="com.newtours.tests.BookFlightTest"/>
  <system-out/>
  <testcase name="flightDetailsPage" time="2.585" classname="com.newtours.tests.BookFlightTest"/>
  <system-out/>
  <testcase name="flightDetailsPage" time="2.874" classname="com.newtours.tests.BookFlightTest"/>
  <system-out/>
  <testcase name="findFlightPage" time="1.397" classname="com.newtours.tests.BookFlightTest"/>
  <system-out/>
  <testcase name="registrationPage" time="10.599" classname="com.newtours.tests.BookFlightTest"/>
  <system-out/>
  <testcase name="registrationConfirmationPage" time="0.849" classname="com.newtours.tests.BookFlightTest"/>
  <system-out/>
  <testcase name="flightConfirmationPage" time="1.676" classname="com.newtours.tests.BookFlightTest"/>
  <system-out/>
  <testcase name="registrationPage" time="13.237" classname="com.newtours.tests.BookFlightTest"/>
  <system-out/>
  <testcase name="flightConfirmationPage" time="1.236" classname="com.newtours.tests.BookFlightTest"/>
  <system-out/>
  <testcase name="flightConfirmationPage" time="1.029" classname="com.newtours.tests.BookFlightTest"/>
  <system-out/>
  <testcase name="findFlightPage" time="1.761" classname="com.newtours.tests.BookFlightTest"/>
  <system-out/>
  <testcase name="registrationConfirmationPage" time="0.690" classname="com.newtours.tests.BookFlightTest"/>
  <system-out/>
  <testcase name="registrationConfirmationPage" time="0.804" classname="com.newtours.tests.BookFlightTest"/>
  <system-out/>
</testsuite> <!-- com.newtours.tests.BookFlightTest -->
